2019-11-05 09:30:21.939  INFO DESKTOP-QUT4GD8 --- [           main] o.h.Version                              : HHH000412: Hibernate Core {5.3.9.Final}
2019-11-05 09:30:21.959  INFO DESKTOP-QUT4GD8 --- [           main] o.h.c.Environment                        : HHH000206: hibernate.properties not found
2019-11-05 09:30:22.380  WARN DESKTOP-QUT4GD8 --- [           main] o.h.o.deprecation                        : HHH90000012: Recognized obsolete hibernate namespace http://hibernate.sourceforge.net/hibernate-configuration. Use namespace http://www.hibernate.org/dtd/hibernate-configuration instead.  Support for obsolete DTD/XSD namespaces may be removed at any time.
2019-11-05 09:30:22.973  INFO DESKTOP-QUT4GD8 --- [           main] o.h.a.c.Version                          : HCANN000001: Hibernate Commons Annotations {5.0.4.Final}
2019-11-05 09:30:25.870  WARN DESKTOP-QUT4GD8 --- [           main] o.h.o.c.pooling                          : HHH10001002: Using Hibernate built-in connection pool (not for production use!)
2019-11-05 09:30:25.890  INFO DESKTOP-QUT4GD8 --- [           main] o.h.o.c.pooling                          : HHH10001005: using driver [org.h2.Driver] at URL [jdbc:h2:mem:testdb]
2019-11-05 09:30:25.890  INFO DESKTOP-QUT4GD8 --- [           main] o.h.o.c.pooling                          : HHH10001001: Connection properties: {user=sa, password=****}
2019-11-05 09:30:25.890  INFO DESKTOP-QUT4GD8 --- [           main] o.h.o.c.pooling                          : HHH10001003: Autocommit mode: false
2019-11-05 09:30:25.900  INFO DESKTOP-QUT4GD8 --- [           main] .c.i.DriverManagerConnectionProviderImpl : HHH000115: Hibernate connection pool size: 20 (min=1)
2019-11-05 09:30:26.116  INFO DESKTOP-QUT4GD8 --- [           main] o.h.d.Dialect                            : HHH000400: Using dialect: org.hibernate.dialect.H2Dialect
2019-11-05 09:30:26.232  INFO DESKTOP-QUT4GD8 --- [           main] o.h.e.j.e.i.LobCreatorBuilderImpl        : HHH000423: Disabling contextual LOB creation as JDBC driver reported JDBC version [3] less than 4
2019-11-05 09:30:28.405  INFO DESKTOP-QUT4GD8 --- [           main] o.h.o.c.access                           : HHH10001501: Connection obtained from JdbcConnectionAccess [org.hibernate.engine.jdbc.env.internal.JdbcEnvironmentInitiator$ConnectionProviderJdbcConnectionAccess@1f1cae23] for (non-JTA) DDL execution was not in auto-commit mode; the Connection 'local transaction' will be committed and the Connection will be set into auto-commit mode.
2019-11-05 09:30:28.568  INFO DESKTOP-QUT4GD8 --- [           main] o.h.h.i.QueryTranslatorFactoryInitiator  : HHH000397: Using ASTQueryTranslatorFactory
2019-11-05 09:30:29.155  INFO DESKTOP-QUT4GD8 --- [           main] FileAppender                             : 
Successfully Created Records In The Database!

2019-11-05 09:30:29.202  INFO DESKTOP-QUT4GD8 --- [           main] FileAppender                             : 
Successfully Created Records In The Database!

2019-11-05 09:30:29.271  INFO DESKTOP-QUT4GD8 --- [           main] FileAppender                             : 
Successfully Created Records In The Database!

2019-11-05 09:31:55.514  INFO DESKTOP-QUT4GD8 --- [           main] o.h.Version                              : HHH000412: Hibernate Core {5.3.9.Final}
2019-11-05 09:31:55.546  INFO DESKTOP-QUT4GD8 --- [           main] o.h.c.Environment                        : HHH000206: hibernate.properties not found
2019-11-05 09:31:55.853  WARN DESKTOP-QUT4GD8 --- [           main] o.h.o.deprecation                        : HHH90000012: Recognized obsolete hibernate namespace http://hibernate.sourceforge.net/hibernate-configuration. Use namespace http://www.hibernate.org/dtd/hibernate-configuration instead.  Support for obsolete DTD/XSD namespaces may be removed at any time.
2019-11-05 09:31:56.490  INFO DESKTOP-QUT4GD8 --- [           main] o.h.a.c.Version                          : HCANN000001: Hibernate Commons Annotations {5.0.4.Final}
2019-11-05 09:31:58.226  WARN DESKTOP-QUT4GD8 --- [           main] o.h.o.c.pooling                          : HHH10001002: Using Hibernate built-in connection pool (not for production use!)
2019-11-05 09:31:58.241  INFO DESKTOP-QUT4GD8 --- [           main] o.h.o.c.pooling                          : HHH10001005: using driver [org.h2.Driver] at URL [jdbc:h2:mem:testdb]
2019-11-05 09:31:58.241  INFO DESKTOP-QUT4GD8 --- [           main] o.h.o.c.pooling                          : HHH10001001: Connection properties: {user=sa, password=****}
2019-11-05 09:31:58.241  INFO DESKTOP-QUT4GD8 --- [           main] o.h.o.c.pooling                          : HHH10001003: Autocommit mode: false
2019-11-05 09:31:58.257  INFO DESKTOP-QUT4GD8 --- [           main] .c.i.DriverManagerConnectionProviderImpl : HHH000115: Hibernate connection pool size: 20 (min=1)
2019-11-05 09:31:58.464  INFO DESKTOP-QUT4GD8 --- [           main] o.h.d.Dialect                            : HHH000400: Using dialect: org.hibernate.dialect.H2Dialect
2019-11-05 09:31:58.580  INFO DESKTOP-QUT4GD8 --- [           main] o.h.e.j.e.i.LobCreatorBuilderImpl        : HHH000423: Disabling contextual LOB creation as JDBC driver reported JDBC version [3] less than 4
2019-11-05 09:32:00.588  INFO DESKTOP-QUT4GD8 --- [           main] o.h.o.c.access                           : HHH10001501: Connection obtained from JdbcConnectionAccess [org.hibernate.engine.jdbc.env.internal.JdbcEnvironmentInitiator$ConnectionProviderJdbcConnectionAccess@1f1cae23] for (non-JTA) DDL execution was not in auto-commit mode; the Connection 'local transaction' will be committed and the Connection will be set into auto-commit mode.
2019-11-05 09:32:00.689  INFO DESKTOP-QUT4GD8 --- [           main] o.h.h.i.QueryTranslatorFactoryInitiator  : HHH000397: Using ASTQueryTranslatorFactory
2019-11-05 09:32:01.157  INFO DESKTOP-QUT4GD8 --- [           main] FileAppender                             : 
Successfully Created Records In The Database!

2019-11-05 09:32:01.195  INFO DESKTOP-QUT4GD8 --- [           main] FileAppender                             : 
Successfully Created Records In The Database!

2019-11-05 09:32:01.241  INFO DESKTOP-QUT4GD8 --- [           main] FileAppender                             : 
Successfully Created Records In The Database!

